<?xml version="1.0" encoding="UTF-8"?>
<!-- Generated by org.testng.reporters.JUnitReportReporter -->
<testsuite hostname="DESKTOP-BUF84LU" failures="0" tests="1" name="com.website.scripts.TC_022" time="17.438" errors="0" timestamp="2022-09-10T21:45:43 IST" skipped="0">
  <testcase classname="com.website.scripts.TC_022" name="verifyValidLogin" time="17.438"/>
  <system-out/>
</testsuite> <!-- com.website.scripts.TC_022 -->
