<?xml version="1.0" encoding="UTF-8"?>
<!-- Generated by org.testng.reporters.JUnitReportReporter -->
<testsuite hostname="DESKTOP-BUF84LU" failures="0" tests="1" name="com.website.scripts.TC_015" time="50.897" errors="0" timestamp="2022-09-10T21:39:13 IST" skipped="0">
  <testcase classname="com.website.scripts.TC_015" name="verifyValidLogin" time="50.897"/>
  <system-out/>
</testsuite> <!-- com.website.scripts.TC_015 -->
